Using pre-set license
Built from '2020.3/release' branch; Version is '2020.3.15f2 (6cf78cb77498) revision 7141260'; Using compiler version '192528614'; Build Type 'Release'
OS: 'Windows 10 Pro; OS build 19042.1237; Version 2009; 64bit' Language: 'en' Physical Memory: 32701 MB
BatchMode: 1, IsHumanControllingUs: 0, StartBugReporterOnCrash: 0, Is64bit: 1, IsPro: 0

 COMMAND LINE ARGUMENTS:
D:\Program Files\Unity\Hub\Editor\2020.3.15f2\Editor\Unity.exe
-adb2
-batchMode
-noUpm
-name
AssetImportWorker0
-projectPath
D:/Users/borna/Unity Projects/OverwatchObjects
-logFile
Logs/AssetImportWorker0.log
-srvPort
60908
Successfully changed project path to: D:/Users/borna/Unity Projects/OverwatchObjects
D:/Users/borna/Unity Projects/OverwatchObjects
Using Asset Import Pipeline V2.
Refreshing native plugins compatible for Editor in 63.30 ms, found 2 plugins.
Preloading 0 native plugins for Editor in 0.00 ms.
Initialize engine version: 2020.3.15f2 (6cf78cb77498)
[Subsystems] Discovering subsystems at path D:/Program Files/Unity/Hub/Editor/2020.3.15f2/Editor/Data/Resources/UnitySubsystems
[Subsystems] Discovering subsystems at path D:/Users/borna/Unity Projects/OverwatchObjects/Assets
GfxDevice: creating device client; threaded=0
Direct3D:
    Version:  Direct3D 11.0 [level 11.1]
    Renderer: NVIDIA GeForce GTX 980 (ID=0x13c0)
    Vendor:   
    VRAM:     4053 MB
    Driver:   27.21.14.6140
Shader 'Universal Render Pipeline/Particles/Lit': fallback shader 'Universal Render Pipeline/Particles/SimpleLit' not found
Initialize mono
Mono path[0] = 'D:/Program Files/Unity/Hub/Editor/2020.3.15f2/Editor/Data/Managed'
Mono path[1] = 'D:/Program Files/Unity/Hub/Editor/2020.3.15f2/Editor/Data/MonoBleedingEdge/lib/mono/unityjit'
Mono config path = 'D:/Program Files/Unity/Hub/Editor/2020.3.15f2/Editor/Data/MonoBleedingEdge/etc'
Using monoOptions --debugger-agent=transport=dt_socket,embedding=1,server=y,suspend=n,address=127.0.0.1:56732
Begin MonoManager ReloadAssembly
Registering precompiled unity dll's ...
Register platform support module: D:/Program Files/Unity/Hub/Editor/2020.3.15f2/Editor/Data/PlaybackEngines/WindowsStandaloneSupport/UnityEditor.WindowsStandalone.Extensions.dll
Registered in 0.002176 seconds.
Native extension for WindowsStandalone target not found
Refreshing native plugins compatible for Editor in 56.35 ms, found 2 plugins.
Preloading 0 native plugins for Editor in 0.00 ms.
Mono: successfully reloaded assembly
- Completed reload, in  1.512 seconds
Domain Reload Profiling:
	ReloadAssembly (1512ms)
		BeginReloadAssembly (90ms)
			ExecutionOrderSort (0ms)
			DisableScriptedObjects (0ms)
			BackupInstance (0ms)
			ReleaseScriptingObjects (0ms)
			CreateAndSetChildDomain (1ms)
		EndReloadAssembly (466ms)
			LoadAssemblies (90ms)
			RebuildTransferFunctionScriptingTraits (0ms)
			SetupTypeCache (167ms)
			ReleaseScriptCaches (0ms)
			RebuildScriptCaches (34ms)
			SetupLoadedEditorAssemblies (186ms)
				LogAssemblyErrors (0ms)
				InitializePlatformSupportModulesInManaged (5ms)
				SetLoadedEditorAssemblies (0ms)
				RefreshPlugins (56ms)
				BeforeProcessingInitializeOnLoad (15ms)
				ProcessInitializeOnLoadAttributes (83ms)
				ProcessInitializeOnLoadMethodAttributes (27ms)
				AfterProcessingInitializeOnLoad (0ms)
				EditorAssembliesLoaded (0ms)
			ExecutionOrderSort2 (0ms)
			AwakeInstancesAfterBackupRestoration (0ms)
Platform modules already initialized, skipping
Registering precompiled user dll's ...
Registered in 0.006168 seconds.
Begin MonoManager ReloadAssembly
Native extension for WindowsStandalone target not found
Refreshing native plugins compatible for Editor in 66.17 ms, found 2 plugins.
Preloading 0 native plugins for Editor in 0.00 ms.
Mono: successfully reloaded assembly
- Completed reload, in  1.460 seconds
Domain Reload Profiling:
	ReloadAssembly (1462ms)
		BeginReloadAssembly (187ms)
			ExecutionOrderSort (0ms)
			DisableScriptedObjects (6ms)
			BackupInstance (0ms)
			ReleaseScriptingObjects (0ms)
			CreateAndSetChildDomain (19ms)
		EndReloadAssembly (1216ms)
			LoadAssemblies (133ms)
			RebuildTransferFunctionScriptingTraits (0ms)
			SetupTypeCache (365ms)
			ReleaseScriptCaches (1ms)
			RebuildScriptCaches (60ms)
			SetupLoadedEditorAssemblies (540ms)
				LogAssemblyErrors (0ms)
				InitializePlatformSupportModulesInManaged (4ms)
				SetLoadedEditorAssemblies (0ms)
				RefreshPlugins (66ms)
				BeforeProcessingInitializeOnLoad (110ms)
				ProcessInitializeOnLoadAttributes (352ms)
				ProcessInitializeOnLoadMethodAttributes (4ms)
				AfterProcessingInitializeOnLoad (4ms)
				EditorAssembliesLoaded (0ms)
			ExecutionOrderSort2 (0ms)
			AwakeInstancesAfterBackupRestoration (6ms)
Platform modules already initialized, skipping
========================================================================
Worker process is ready to serve import requests
Shader 'Universal Render Pipeline/Particles/Lit': fallback shader 'Universal Render Pipeline/Particles/SimpleLit' not found
Launched and connected shader compiler UnityShaderCompiler.exe after 0.07 seconds
Refreshing native plugins compatible for Editor in 0.82 ms, found 2 plugins.
Preloading 0 native plugins for Editor in 0.00 ms.
Unloading 3005 Unused Serialized files (Serialized files now loaded: 0)
System memory in use before: 136.4 MB.
System memory in use after: 136.6 MB.

Unloading 21 unused Assets to reduce memory usage. Loaded Objects now: 3442.
Total: 3.937200 ms (FindLiveObjects: 0.511400 ms CreateObjectMapping: 0.163000 ms MarkObjects: 3.127700 ms  DeleteObjects: 0.134000 ms)

AssetImportParameters requested are different than current active one (requested -> active):
  custom:framework-win-MediaFoundation: 216162199b28c13a410421893ffa2e32 -> 
  custom:video-decoder-ogg-theora: a1e56fd34408186e4bbccfd4996cb3dc -> 
  custom:container-muxer-webm: aa71ff27fc2769a1b78a27578f13a17b -> 
  custom:container-demuxer-webm: 4f35f7cbe854078d1ac9338744f61a02 -> 
  custom:container-demuxer-ogg: 62fdf1f143b41e24485cea50d1cbac27 -> 
  custom:video-encoder-webm-vp8: eb34c28f22e8b96e1ab97ce403110664 -> 
  custom:video-codec-MediaFoundation-h265: 746d11721c4dcdbdad8f713fa42b33f4 -> 
  custom:video-decoder-webm-vp8: 9c59270c3fd7afecdb556c50c9e8de78 -> 
  custom:audio-decoder-ogg-vorbis: bf7c407c2cedff20999df2af8eb42d56 -> 
  custom:audio-encoder-webm-vorbis: bf7c407c2cedff20999df2af8eb42d56 -> 
========================================================================
Received Import Request.
  path: Assets/Sprites/hexagon_grid.png
  artifactKey: Guid(94eba5d1ded26bd41b9bb936ffe46b02) Importer(815301076,1909f56bfc062723c751e8b465ee728b)
Start importing Assets/Sprites/hexagon_grid.png using Guid(94eba5d1ded26bd41b9bb936ffe46b02) Importer(815301076,1909f56bfc062723c751e8b465ee728b)  -> (artifact id: '733a83a08702e820235ea53e55964337') in 0.150933 seconds 
  Import took 0.155808 seconds .

========================================================================
Received Import Request.
  Time since last request: 70.571255 seconds.
  path: Assets/Sprites/hexagon_grid.png
  artifactKey: Guid(94eba5d1ded26bd41b9bb936ffe46b02) Importer(815301076,1909f56bfc062723c751e8b465ee728b)
Start importing Assets/Sprites/hexagon_grid.png using Guid(94eba5d1ded26bd41b9bb936ffe46b02) Importer(815301076,1909f56bfc062723c751e8b465ee728b)  -> (artifact id: '1d3796a059f152fbf0d109f032ad2381') in 0.010702 seconds 
  Import took 0.016578 seconds .

========================================================================
Received Import Request.
  Time since last request: 17.322606 seconds.
  path: Assets/Sprites/hexagon_grid.png
  artifactKey: Guid(94eba5d1ded26bd41b9bb936ffe46b02) Importer(815301076,1909f56bfc062723c751e8b465ee728b)
Start importing Assets/Sprites/hexagon_grid.png using Guid(94eba5d1ded26bd41b9bb936ffe46b02) Importer(815301076,1909f56bfc062723c751e8b465ee728b)  -> (artifact id: '1d41ac27e216b9449677af0bfab9c2fc') in 0.008824 seconds 
  Import took 0.014058 seconds .

========================================================================
Received Import Request.
  Time since last request: 0.002917 seconds.
  path: Assets/Sprites/hexagon_grid.png
  artifactKey: Guid(94eba5d1ded26bd41b9bb936ffe46b02) Importer(815301076,1909f56bfc062723c751e8b465ee728b)
Start importing Assets/Sprites/hexagon_grid.png using Guid(94eba5d1ded26bd41b9bb936ffe46b02) Importer(815301076,1909f56bfc062723c751e8b465ee728b)  -> (artifact id: '1d41ac27e216b9449677af0bfab9c2fc') in 0.008873 seconds 
  Import took 0.014379 seconds .

========================================================================
Received Import Request.
  Time since last request: 336.077697 seconds.
  path: Assets/Sprites/hexagon_grid.png
  artifactKey: Guid(94eba5d1ded26bd41b9bb936ffe46b02) Importer(815301076,1909f56bfc062723c751e8b465ee728b)
Start importing Assets/Sprites/hexagon_grid.png using Guid(94eba5d1ded26bd41b9bb936ffe46b02) Importer(815301076,1909f56bfc062723c751e8b465ee728b)  -> (artifact id: '24f63f5bc7778ebd938fb088ea93ce3b') in 0.011680 seconds 
  Import took 0.018753 seconds .

========================================================================
Received Import Request.
  Time since last request: 214.672210 seconds.
  path: Assets/Materials/SphericalShieldMaterial.mat
  artifactKey: Guid(4fc923d0abf307449b5b938ee07dbc32) Importer(815301076,1909f56bfc062723c751e8b465ee728b)
Start importing Assets/Materials/SphericalShieldMaterial.mat using Guid(4fc923d0abf307449b5b938ee07dbc32) Importer(815301076,1909f56bfc062723c751e8b465ee728b)  -> (artifact id: '3b6e93f4eabc015b05ebfa9064000e6f') in 0.537301 seconds 
  Import took 0.542497 seconds .

========================================================================
Received Import Request.
  Time since last request: 15.259399 seconds.
  path: Assets/Materials/FlatlShieldMaterial 1.mat
  artifactKey: Guid(b38497d9a9deb8b40a771a7b62be3e8c) Importer(815301076,1909f56bfc062723c751e8b465ee728b)
Start importing Assets/Materials/FlatlShieldMaterial 1.mat using Guid(b38497d9a9deb8b40a771a7b62be3e8c) Importer(815301076,1909f56bfc062723c751e8b465ee728b)  -> (artifact id: '2e6e66d88ac7ccc0c54237ba530641ed') in 0.011220 seconds 
  Import took 0.018068 seconds .

========================================================================
Received Import Request.
  Time since last request: 58.620879 seconds.
  path: Assets/Materials/FlatlShieldMaterial 1.mat
  artifactKey: Guid(b38497d9a9deb8b40a771a7b62be3e8c) Importer(815301076,1909f56bfc062723c751e8b465ee728b)
Start importing Assets/Materials/FlatlShieldMaterial 1.mat using Guid(b38497d9a9deb8b40a771a7b62be3e8c) Importer(815301076,1909f56bfc062723c751e8b465ee728b)  -> (artifact id: '4bbc48c59a86fc2fb67d3eff188c651e') in 0.011805 seconds 
  Import took 0.018191 seconds .

========================================================================
Received Import Request.
  Time since last request: 771.684822 seconds.
  path: Assets/Meshes/shield.blend
  artifactKey: Guid(96d1ade77cbb1434eac57c2674fff871) Importer(815301076,1909f56bfc062723c751e8b465ee728b)
Start importing Assets/Meshes/shield.blend using Guid(96d1ade77cbb1434eac57c2674fff871) Importer(815301076,1909f56bfc062723c751e8b465ee728b)  -> (artifact id: '44743e5f73fbbddc7e79bcbb4aec9654') in 0.083030 seconds 
  Import took 0.089062 seconds .

========================================================================
Received Import Request.
  Time since last request: 0.003738 seconds.
  path: Assets/Meshes/shield.blend
  artifactKey: Guid(96d1ade77cbb1434eac57c2674fff871) Importer(815301076,1909f56bfc062723c751e8b465ee728b)
Start importing Assets/Meshes/shield.blend using Guid(96d1ade77cbb1434eac57c2674fff871) Importer(815301076,1909f56bfc062723c751e8b465ee728b)  -> (artifact id: '44743e5f73fbbddc7e79bcbb4aec9654') in 0.042449 seconds 
  Import took 0.047447 seconds .

========================================================================
Received Import Request.
  Time since last request: 162.866682 seconds.
  path: Assets/Meshes/shield.blend
  artifactKey: Guid(96d1ade77cbb1434eac57c2674fff871) Importer(815301076,1909f56bfc062723c751e8b465ee728b)
Start importing Assets/Meshes/shield.blend using Guid(96d1ade77cbb1434eac57c2674fff871) Importer(815301076,1909f56bfc062723c751e8b465ee728b)  -> (artifact id: '91357c53ac07ce7398fe1f878db09b28') in 0.017434 seconds 
  Import took 0.023797 seconds .

========================================================================
Received Import Request.
  Time since last request: 46.008082 seconds.
  path: Assets/Meshes/shield.blend
  artifactKey: Guid(96d1ade77cbb1434eac57c2674fff871) Importer(815301076,1909f56bfc062723c751e8b465ee728b)
Start importing Assets/Meshes/shield.blend using Guid(96d1ade77cbb1434eac57c2674fff871) Importer(815301076,1909f56bfc062723c751e8b465ee728b)  -> (artifact id: '37e9b2838a52207ca457c8e36b5542d8') in 0.034596 seconds 
  Import took 0.039348 seconds .

========================================================================
Received Import Request.
  Time since last request: 196.285249 seconds.
  path: Assets/Meshes/shield.blend
  artifactKey: Guid(96d1ade77cbb1434eac57c2674fff871) Importer(815301076,1909f56bfc062723c751e8b465ee728b)
Start importing Assets/Meshes/shield.blend using Guid(96d1ade77cbb1434eac57c2674fff871) Importer(815301076,1909f56bfc062723c751e8b465ee728b)  -> (artifact id: 'e39c9fe5fe1948b8d98d3d0238e58e64') in 0.018007 seconds 
  Import took 0.023780 seconds .

========================================================================
Received Import Request.
  Time since last request: 432.111036 seconds.
  path: Assets/Meshes/shield.blend
  artifactKey: Guid(96d1ade77cbb1434eac57c2674fff871) Importer(815301076,1909f56bfc062723c751e8b465ee728b)
Start importing Assets/Meshes/shield.blend using Guid(96d1ade77cbb1434eac57c2674fff871) Importer(815301076,1909f56bfc062723c751e8b465ee728b)  -> (artifact id: '75d462549a775fbda6ae40f4e57bb1d7') in 0.058949 seconds 
  Import took 0.065064 seconds .

========================================================================
Received Import Request.
  Time since last request: 204.078937 seconds.
  path: Assets/Materials/FlatlShieldMaterial 1.mat
  artifactKey: Guid(b38497d9a9deb8b40a771a7b62be3e8c) Importer(815301076,1909f56bfc062723c751e8b465ee728b)
Start importing Assets/Materials/FlatlShieldMaterial 1.mat using Guid(b38497d9a9deb8b40a771a7b62be3e8c) Importer(815301076,1909f56bfc062723c751e8b465ee728b)  -> (artifact id: '9379ceab1fc9ca04ba108b2a8a8cb225') in 0.012967 seconds 
  Import took 0.018728 seconds .

========================================================================
Received Import Request.
  Time since last request: 29859.488909 seconds.
  path: Assets/Shaders/ShieldShader.shadergraph
  artifactKey: Guid(21b5a5c30fdfc5f41868ad29528634b9) Importer(815301076,1909f56bfc062723c751e8b465ee728b)
Start importing Assets/Shaders/ShieldShader.shadergraph using Guid(21b5a5c30fdfc5f41868ad29528634b9) Importer(815301076,1909f56bfc062723c751e8b465ee728b)  -> (artifact id: '5f48421e3e373bd78f2034afa7180c8c') in 0.006376 seconds 
  Import took 0.011710 seconds .

========================================================================
Received Import Request.
  Time since last request: 0.243597 seconds.
  path: Assets/Shaders/ShieldShader.shadergraph
  artifactKey: Guid(21b5a5c30fdfc5f41868ad29528634b9) Importer(815301076,1909f56bfc062723c751e8b465ee728b)
Start importing Assets/Shaders/ShieldShader.shadergraph using Guid(21b5a5c30fdfc5f41868ad29528634b9) Importer(815301076,1909f56bfc062723c751e8b465ee728b)  -> (artifact id: '5f48421e3e373bd78f2034afa7180c8c') in 0.003213 seconds 
  Import took 0.008853 seconds .

========================================================================
Received Import Request.
  Time since last request: 5.650987 seconds.
  path: Assets/Shaders/SphericalShieldShader.shadergraph
  artifactKey: Guid(21b5a5c30fdfc5f41868ad29528634b9) Importer(815301076,1909f56bfc062723c751e8b465ee728b)
Start importing Assets/Shaders/SphericalShieldShader.shadergraph using Guid(21b5a5c30fdfc5f41868ad29528634b9) Importer(815301076,1909f56bfc062723c751e8b465ee728b)  -> (artifact id: 'c02c63250f1c48115b3f5b65f0b88261') in 0.002742 seconds 
  Import took 0.009311 seconds .

========================================================================
Received Import Request.
  Time since last request: 1566.621153 seconds.
  path: Assets/Materials/SphericalShieldMaterial.mat
  artifactKey: Guid(4fc923d0abf307449b5b938ee07dbc32) Importer(815301076,1909f56bfc062723c751e8b465ee728b)
Start importing Assets/Materials/SphericalShieldMaterial.mat using Guid(4fc923d0abf307449b5b938ee07dbc32) Importer(815301076,1909f56bfc062723c751e8b465ee728b)  -> (artifact id: '30d9cfd976910025d818ae304166d816') in 0.012745 seconds 
  Import took 0.022038 seconds .

========================================================================
Received Import Request.
  Time since last request: 5.922166 seconds.
  path: Assets/Prefabs/WinstonShield.prefab
  artifactKey: Guid(f9c030314c910184a8f083f292444223) Importer(815301076,1909f56bfc062723c751e8b465ee728b)
Start importing Assets/Prefabs/WinstonShield.prefab using Guid(f9c030314c910184a8f083f292444223) Importer(815301076,1909f56bfc062723c751e8b465ee728b)  -> (artifact id: 'fe1580fa27979210c23a48bae9143e59') in 0.019282 seconds 
  Import took 0.030876 seconds .

========================================================================
Received Import Request.
  Time since last request: 0.003282 seconds.
  path: Assets/Prefabs/WinstonShield.prefab
  artifactKey: Guid(f9c030314c910184a8f083f292444223) Importer(815301076,1909f56bfc062723c751e8b465ee728b)
Start importing Assets/Prefabs/WinstonShield.prefab using Guid(f9c030314c910184a8f083f292444223) Importer(815301076,1909f56bfc062723c751e8b465ee728b)  -> (artifact id: 'fe1580fa27979210c23a48bae9143e59') in 0.041315 seconds 
  Import took 0.046584 seconds .

========================================================================
Received Import Request.
  Time since last request: 9.063417 seconds.
  path: Assets/Prefabs/WinstonShield.prefab
  artifactKey: Guid(f9c030314c910184a8f083f292444223) Importer(815301076,1909f56bfc062723c751e8b465ee728b)
Start importing Assets/Prefabs/WinstonShield.prefab using Guid(f9c030314c910184a8f083f292444223) Importer(815301076,1909f56bfc062723c751e8b465ee728b)  -> (artifact id: '114e921e52d316dbc46e6d1b675dcb31') in 0.010706 seconds 
  Import took 0.018838 seconds .

========================================================================
Received Import Request.
  Time since last request: 0.002490 seconds.
  path: Assets/Prefabs/WinstonShield.prefab
  artifactKey: Guid(f9c030314c910184a8f083f292444223) Importer(815301076,1909f56bfc062723c751e8b465ee728b)
Start importing Assets/Prefabs/WinstonShield.prefab using Guid(f9c030314c910184a8f083f292444223) Importer(815301076,1909f56bfc062723c751e8b465ee728b)  -> (artifact id: '114e921e52d316dbc46e6d1b675dcb31') in 0.010231 seconds 
  Import took 0.016180 seconds .

========================================================================
Received Import Request.
  Time since last request: 0.699113 seconds.
  path: Assets/Prefabs/WinstonShield.prefab
  artifactKey: Guid(f9c030314c910184a8f083f292444223) Importer(815301076,1909f56bfc062723c751e8b465ee728b)
Start importing Assets/Prefabs/WinstonShield.prefab using Guid(f9c030314c910184a8f083f292444223) Importer(815301076,1909f56bfc062723c751e8b465ee728b)  -> (artifact id: '413ac8e086545046e1e921afd2c3c1f8') in 0.011531 seconds 
  Import took 0.016612 seconds .

